TN:
SF:src/PercentageUtils.sol
FN:20,PercentageUtils.addPercentage
FNDA:1,PercentageUtils.addPercentage
DA:24,1
FN:35,PercentageUtils.subtractPercentage
FNDA:1,PercentageUtils.subtractPercentage
DA:39,1
FN:50,PercentageUtils.applyPercentage
FNDA:3,PercentageUtils.applyPercentage
DA:54,3
DA:55,3
DA:56,3
FN:66,PercentageUtils.isPercentageInRange
FNDA:4,PercentageUtils.isPercentageInRange
DA:69,4
FN:80,PercentageUtils.fromFraction
FNDA:1,PercentageUtils.fromFraction
DA:84,1
FN:94,PercentageUtils.fromIntegerPercentage
FNDA:8,PercentageUtils.fromIntegerPercentage
DA:97,8
FNF:6
FNH:6
LF:8
LH:8
BRF:0
BRH:0
end_of_record
