TN:
SF:src/DecayFunctions.sol
FN:49,DecayFunctions.calculateDecay
FNDA:1341,DecayFunctions.calculateDecay
DA:59,1341
BRDA:59,0,0,529
DA:60,529
DA:64,812
BRDA:64,1,0,547
BRDA:64,1,1,265
DA:65,547
DA:66,547
DA:75,265
DA:76,265
FNF:1
FNH:1
LF:7
LH:7
BRF:3
BRH:3
end_of_record
TN:
SF:src/DutchAuctionLibrary.sol
FN:124,DutchAuctionLibrary.createAuction
FNDA:795,DutchAuctionLibrary.createAuction
DA:127,795
BRDA:127,0,0,1
DA:128,794
BRDA:128,1,0,1
DA:129,1
DA:131,793
BRDA:131,2,0,1
DA:132,1
DA:136,792
DA:137,1
BRDA:137,3,0,1
DA:138,1
DA:140,791
BRDA:140,4,0,1
DA:141,1
DA:143,790
BRDA:143,5,0,1
DA:144,1
DA:147,789
DA:150,789
DA:153,789
DA:171,789
DA:176,789
DA:178,789
FN:192,DutchAuctionLibrary.getCurrentPrice
FNDA:1341,DutchAuctionLibrary.getCurrentPrice
DA:195,1341
DA:196,1341
DA:199,1341
DA:200,1341
FN:217,DutchAuctionLibrary.buyTokens
FNDA:24,DutchAuctionLibrary.buyTokens
DA:221,24
BRDA:221,6,0,1
DA:222,1
DA:224,1
BRDA:224,7,0,1
DA:225,1
DA:229,22
BRDA:229,8,0,1
DA:230,1
DA:232,21
BRDA:232,9,0,1
DA:233,1
DA:236,20
DA:238,20
DA:246,20
DA:248,20
DA:253,20
DA:255,20
DA:262,20
BRDA:262,10,0,1
DA:263,1
FN:272,DutchAuctionLibrary.finalizeAuction
FNDA:9,DutchAuctionLibrary.finalizeAuction
DA:273,9
BRDA:273,11,0,1
DA:274,1
DA:276,1
BRDA:276,12,0,1
DA:277,1
DA:281,7
BRDA:281,13,0,1
DA:282,1
DA:284,6
FN:292,DutchAuctionLibrary._finalizeAuction
FNDA:7,DutchAuctionLibrary._finalizeAuction
DA:293,7
DA:296,7
DA:298,7
BRDA:298,14,0,6
DA:299,6
DA:305,7
FN:317,DutchAuctionLibrary._claimKickerReward
FNDA:789,DutchAuctionLibrary._claimKickerReward
DA:318,789
BRDA:318,15,0,789
DA:319,789
DA:321,768
DA:326,768
FNF:6
FNH:6
LF:54
LH:54
BRF:16
BRH:16
end_of_record
TN:
SF:src/DutchAuctionManager.sol
FN:43,DutchAuctionManager.createAuction
FNDA:794,DutchAuctionManager.createAuction
DA:54,794
DA:55,794
FN:78,DutchAuctionManager.getCurrentPrice
FNDA:1321,DutchAuctionManager.getCurrentPrice
DA:79,1321
FN:88,DutchAuctionManager.buyTokens
FNDA:24,DutchAuctionManager.buyTokens
DA:92,24
FN:100,DutchAuctionManager.finalizeAuction
FNDA:9,DutchAuctionManager.finalizeAuction
DA:101,9
DA:102,6
FNF:4
FNH:4
LF:6
LH:6
BRF:0
BRH:0
end_of_record
TN:
SF:src/DutchAuctionMath.sol
FN:35,DutchAuctionMath.linearDecay
FNDA:547,DutchAuctionMath.linearDecay
DA:43,547
DA:44,547
DA:46,547
DA:47,547
DA:48,547
DA:50,547
DA:54,547
DA:55,547
FN:76,DutchAuctionMath.exponentialDecay
FNDA:265,DutchAuctionMath.exponentialDecay
DA:84,265
DA:85,265
DA:87,265
DA:88,265
DA:89,265
DA:92,265
DA:95,265
DA:98,265
DA:102,265
DA:103,265
FN:124,DutchAuctionMath.calculateTotalCost
FNDA:20,DutchAuctionMath.calculateTotalCost
DA:131,20
DA:132,20
DA:134,20
DA:136,20
FNF:3
FNH:3
LF:22
LH:22
BRF:0
BRH:0
end_of_record
TN:
SF:src/lib/TokenLibrary.sol
FN:27,TokenLibrary.getDecimals
FNDA:1584,TokenLibrary.getDecimals
DA:28,1584
DA:33,1584
BRDA:33,0,0,1583
DA:34,1583
DA:38,1
FN:56,TokenLibrary.toWei
FNDA:1933,TokenLibrary.toWei
DA:60,1933
DA:61,278
DA:62,276
FN:80,TokenLibrary.fromWei
FNDA:1102,TokenLibrary.fromWei
DA:84,1102
DA:85,272
DA:86,270
FN:105,TokenLibrary.convertDecimals
FNDA:268,TokenLibrary.convertDecimals
DA:110,268
DA:112,241
BRDA:112,6,0,130
BRDA:112,6,1,111
DA:113,130
DA:115,111
FNF:4
FNH:4
LF:14
LH:14
BRF:3
BRH:3
end_of_record
TN:
SF:test/TokenLibrary.t.sol
FN:11,MockToken.
FNDA:50,MockToken.
DA:16,50
FN:19,MockToken.decimals
FNDA:5,MockToken.decimals
DA:20,5
FNF:2
FNH:2
LF:2
LH:2
BRF:0
BRH:0
end_of_record
