TN:
SF:src/DecayFunctions.sol
FN:12,DecayFunctions.calculateDecay
FNDA:1365,DecayFunctions.calculateDecay
DA:19,1365
BRDA:19,0,0,547
DA:20,547
DA:23,818
BRDA:23,1,0,550
BRDA:23,1,1,268
DA:24,550
DA:25,550
DA:32,268
DA:33,268
FNF:1
FNH:1
LF:7
LH:7
BRF:3
BRH:3
end_of_record
TN:
SF:src/DutchAuctionLibrary.sol
FN:120,DutchAuctionLibrary.createAuction
FNDA:823,DutchAuctionLibrary.createAuction
DA:121,823
BRDA:121,0,0,1
DA:122,822
BRDA:122,1,0,1
DA:123,1
DA:125,821
BRDA:125,2,0,1
DA:126,1
DA:129,820
BRDA:129,3,0,1
DA:130,1
DA:133,819
DA:134,819
DA:137,819
DA:153,819
DA:155,819
DA:157,819
FN:166,DutchAuctionLibrary.getCurrentPrice
FNDA:1365,DutchAuctionLibrary.getCurrentPrice
DA:167,1365
DA:168,1365
DA:169,1365
FN:180,DutchAuctionLibrary.buyTokens
FNDA:19,DutchAuctionLibrary.buyTokens
DA:181,1
BRDA:181,4,0,1
DA:182,1
DA:184,18
BRDA:184,5,0,1
DA:185,1
DA:187,17
BRDA:187,6,0,1
DA:188,1
DA:191,16
DA:192,16
DA:194,16
DA:196,16
DA:197,16
DA:199,16
DA:201,16
BRDA:201,7,0,1
DA:202,1
FN:211,DutchAuctionLibrary.finalizeAuction
FNDA:4,DutchAuctionLibrary.finalizeAuction
DA:212,1
BRDA:212,8,0,1
DA:213,1
DA:215,3
BRDA:215,9,0,1
DA:216,1
DA:218,2
FN:226,DutchAuctionLibrary._finalizeAuction
FNDA:3,DutchAuctionLibrary._finalizeAuction
DA:227,3
DA:229,3
BRDA:229,10,0,2
DA:230,2
DA:235,3
DA:237,3
FN:245,DutchAuctionLibrary._claimKickerReward
FNDA:819,DutchAuctionLibrary._claimKickerReward
DA:246,819
BRDA:246,11,0,19
DA:247,19
DA:249,800
DA:251,800
FNF:6
FNH:6
LF:44
LH:44
BRF:12
BRH:12
end_of_record
TN:
SF:src/DutchAuctionManger.sol
FN:43,DutchAuctionManager.createAuction
FNDA:822,DutchAuctionManager.createAuction
DA:54,822
DA:55,822
FN:78,DutchAuctionManager.getCurrentPrice
FNDA:1349,DutchAuctionManager.getCurrentPrice
DA:79,1349
FN:88,DutchAuctionManager.buyTokens
FNDA:19,DutchAuctionManager.buyTokens
DA:92,19
FN:100,DutchAuctionManager.finalizeAuction
FNDA:4,DutchAuctionManager.finalizeAuction
DA:101,4
DA:102,2
FNF:4
FNH:4
LF:6
LH:6
BRF:0
BRH:0
end_of_record
TN:
SF:src/DutchAuctionMath.sol
FN:22,DutchAuctionMath.linearDecay
FNDA:550,DutchAuctionMath.linearDecay
DA:28,550
DA:29,550
DA:30,550
FN:42,DutchAuctionMath.exponentialDecay
FNDA:268,DutchAuctionMath.exponentialDecay
DA:48,268
DA:49,268
DA:50,268
DA:53,268
DA:56,268
DA:59,268
DA:62,268
FN:72,DutchAuctionMath.calculateTotalCost
FNDA:16,DutchAuctionMath.calculateTotalCost
DA:76,16
FNF:3
FNH:3
LF:11
LH:11
BRF:0
BRH:0
end_of_record
TN:
SF:src/lib/PercentageUtils.sol
FN:20,PercentageUtils.addPercentage
FNDA:0,PercentageUtils.addPercentage
DA:24,0
FN:35,PercentageUtils.subtractPercentage
FNDA:0,PercentageUtils.subtractPercentage
DA:39,0
FN:50,PercentageUtils.applyPercentage
FNDA:826,PercentageUtils.applyPercentage
DA:54,826
DA:55,826
DA:56,826
FN:66,PercentageUtils.isPercentageInRange
FNDA:820,PercentageUtils.isPercentageInRange
DA:69,820
FN:80,PercentageUtils.fromFraction
FNDA:0,PercentageUtils.fromFraction
DA:84,0
FN:94,PercentageUtils.fromDecimalPercentage
FNDA:0,PercentageUtils.fromDecimalPercentage
DA:97,0
FNF:6
FNH:2
LF:8
LH:4
BRF:0
BRH:0
end_of_record
