TN:
SF:src/adapters/LayerZeroAdapter.sol
DA:122,65
FN:122,LayerZeroAdapter.constructor
FNDA:65,LayerZeroAdapter.constructor
DA:129,65
BRDA:129,0,0,-
DA:130,65
BRDA:130,1,0,-
DA:132,65
DA:135,65
DA:136,127
DA:137,127
DA:138,127
DA:142,65
DA:143,65
DA:146,65
DA:149,65
DA:164,46
FN:164,LayerZeroAdapter.setMinGasLimit
FNDA:46,LayerZeroAdapter.setMinGasLimit
DA:168,46
DA:176,26
FN:176,LayerZeroAdapter.activateReadChannel
FNDA:26,LayerZeroAdapter.activateReadChannel
DA:177,26
DA:178,26
DA:187,0
FN:187,LayerZeroAdapter.addSupportedChain
FNDA:0,LayerZeroAdapter.addSupportedChain
DA:191,0
DA:192,0
DA:193,0
DA:201,0
FN:201,LayerZeroAdapter.removeSupportedChain
FNDA:0,LayerZeroAdapter.removeSupportedChain
DA:202,0
DA:203,0
DA:204,0
DA:205,0
DA:213,0
FN:213,LayerZeroAdapter.setBridgeRouter
FNDA:0,LayerZeroAdapter.setBridgeRouter
DA:214,0
BRDA:214,2,0,-
DA:216,0
DA:217,0
DA:219,0
DA:227,22
FN:227,LayerZeroAdapter.configureReadLibraries
FNDA:22,LayerZeroAdapter.configureReadLibraries
DA:230,22
BRDA:230,3,0,-
DA:233,22
DA:240,22
DA:247,22
DA:258,22
FN:258,LayerZeroAdapter.configureReadDVNs
FNDA:22,LayerZeroAdapter.configureReadDVNs
DA:264,22
BRDA:264,4,0,-
DA:265,22
BRDA:265,5,0,-
DA:266,22
BRDA:266,6,0,-
DA:267,22
BRDA:267,7,0,-
DA:270,22
DA:271,0
BRDA:271,8,0,-
DA:275,22
DA:285,22
DA:288,22
DA:289,22
DA:296,22
DA:298,22
DA:313,9
FN:313,LayerZeroAdapter._lzReceive
FNDA:9,LayerZeroAdapter._lzReceive
DA:321,9
DA:322,9
DA:325,9
BRDA:325,9,0,9
DA:326,9
DA:327,9
DA:331,9
BRDA:331,10,0,7
DA:332,7
DA:333,7
DA:337,2
DA:340,2
BRDA:340,11,0,1
BRDA:340,11,1,1
DA:343,1
DA:346,1
DA:348,1
DA:359,1
FN:359,LayerZeroAdapter._handleGeneralMessage
FNDA:1,LayerZeroAdapter._handleGeneralMessage
DA:365,1
DA:366,1
DA:368,1
DA:369,1
DA:370,1
BRDA:370,12,0,1
BRDA:370,12,1,-
DA:372,1
DA:376,1
DA:377,1
DA:378,0
DA:379,0
DA:382,0
DA:389,0
BRDA:389,13,0,-
BRDA:389,13,1,-
DA:390,0
DA:392,0
DA:395,0
DA:396,0
DA:400,1
BRDA:400,14,0,1
BRDA:400,14,1,-
DA:401,1
DA:409,1
DA:412,0
DA:426,7
FN:426,LayerZeroAdapter._handleReadResponse
FNDA:7,LayerZeroAdapter._handleReadResponse
DA:432,7
DA:433,7
BRDA:433,15,0,1
DA:435,1
DA:436,1
DA:440,6
DA:444,6
DA:449,1
DA:450,1
DA:451,5
DA:453,5
DA:457,5
DA:466,0
FN:466,LayerZeroAdapter.transferAsset
FNDA:0,LayerZeroAdapter.transferAsset
DA:478,0
DA:482,21
FN:482,LayerZeroAdapter.estimateFee
FNDA:21,LayerZeroAdapter.estimateFee
DA:490,21
DA:493,21
DA:495,21
BRDA:495,16,0,-
DA:498,21
DA:499,21
DA:501,21
BRDA:501,17,0,16
BRDA:501,17,1,5
DA:503,16
DA:504,16
DA:514,16
DA:517,5
DA:520,5
DA:526,21
DA:529,0
DA:532,21
BRDA:532,18,0,16
BRDA:532,18,1,-
DA:533,16
BRDA:533,19,0,-
DA:535,16
DA:541,16
DA:543,5
DA:544,5
DA:549,0
FN:549,LayerZeroAdapter.getOperationStatus
FNDA:0,LayerZeroAdapter.getOperationStatus
DA:552,0
DA:556,1
FN:556,LayerZeroAdapter.getSupportedChains
FNDA:1,LayerZeroAdapter.getSupportedChains
DA:562,1
DA:563,1
DA:565,1
DA:567,2
DA:570,0
DA:574,11
FN:574,LayerZeroAdapter.readState
FNDA:11,LayerZeroAdapter.readState
DA:585,11
BRDA:585,20,0,1
DA:588,10
BRDA:588,21,0,1
DA:591,9
DA:594,8
BRDA:594,22,0,-
DA:595,0
DA:598,8
DA:601,8
DA:602,8
DA:613,8
DA:614,8
DA:616,8
DA:623,8
DA:627,8
DA:629,8
DA:638,5
DA:645,4
FN:645,LayerZeroAdapter.supportsChain
FNDA:4,LayerZeroAdapter.supportsChain
DA:648,4
DA:652,3
FN:652,LayerZeroAdapter.sendMessage
FNDA:3,LayerZeroAdapter.sendMessage
DA:661,3
BRDA:661,23,0,1
DA:664,2
DA:667,2
BRDA:667,24,0,1
DA:668,1
DA:672,1
DA:678,1
DA:682,1
DA:691,1
DA:694,1
DA:711,32
FN:711,LayerZeroAdapter._getLayerZeroEid
FNDA:32,LayerZeroAdapter._getLayerZeroEid
DA:715,32
DA:718,32
BRDA:718,25,0,1
DA:719,1
DA:722,0
DA:731,30
FN:731,LayerZeroAdapter._prepareOptions
FNDA:30,LayerZeroAdapter._prepareOptions
DA:736,30
DA:739,30
DA:744,30
BRDA:744,26,0,24
BRDA:744,26,1,6
DA:745,24
DA:746,24
DA:751,6
DA:752,6
DA:766,2
FN:766,LayerZeroAdapter.getRequiredFee
FNDA:2,LayerZeroAdapter.getRequiredFee
DA:772,2
DA:775,2
DA:778,2
DA:786,2
BRDA:786,27,0,1
BRDA:786,27,1,1
DA:788,1
DA:794,1
DA:802,2
DA:803,2
DA:811,0
FN:811,LayerZeroAdapter._getLzChainId
FNDA:0,LayerZeroAdapter._getLzChainId
DA:815,0
DA:818,0
BRDA:818,28,0,-
DA:819,0
DA:822,0
DA:826,6
FN:826,LayerZeroAdapter.supportsOperation
FNDA:6,LayerZeroAdapter.supportsOperation
DA:830,6
DA:831,6
DA:832,4
DA:840,5
FN:840,LayerZeroAdapter._updateOperationStatus
FNDA:5,LayerZeroAdapter._updateOperationStatus
DA:844,5
DA:853,0
FN:853,LayerZeroAdapter._updateReceiveStatus
FNDA:0,LayerZeroAdapter._updateReceiveStatus
DA:858,0
FNF:25
FNH:18
LF:189
LH:150
BRF:37
BRH:19
end_of_record
TN:
SF:src/adapters/StargateAdapter.sol
DA:258,160
FN:258,StargateAdapter.constructor
FNDA:160,StargateAdapter.constructor
DA:264,160
BRDA:264,0,0,-
DA:265,160
BRDA:265,1,0,-
DA:266,160
BRDA:266,2,0,-
DA:268,160
DA:269,160
DA:270,160
DA:281,2
FN:281,StargateAdapter.setDefaultTransportMode
FNDA:2,StargateAdapter.setDefaultTransportMode
DA:282,2
DA:283,2
DA:290,6
FN:290,StargateAdapter.setComposeGasLimit
FNDA:6,StargateAdapter.setComposeGasLimit
DA:292,6
DA:293,4
DA:294,4
BRDA:294,3,0,4
DA:295,4
DA:297,2
DA:298,2
DA:305,0
FN:305,StargateAdapter.setSlippageTolerance
FNDA:0,StargateAdapter.setSlippageTolerance
DA:307,0
DA:308,0
BRDA:308,4,0,-
DA:309,0
DA:311,0
DA:312,0
DA:321,290
FN:321,StargateAdapter.addSupportedChain
FNDA:290,StargateAdapter.addSupportedChain
DA:326,290
BRDA:326,5,0,1
DA:328,289
DA:329,289
DA:330,289
DA:332,289
DA:340,0
FN:340,StargateAdapter.updateChainAdapter
FNDA:0,StargateAdapter.updateChainAdapter
DA:344,0
BRDA:344,6,0,-
DA:346,0
DA:354,147
FN:354,StargateAdapter.addSupportedAsset
FNDA:147,StargateAdapter.addSupportedAsset
DA:358,147
DA:359,1
BRDA:359,7,0,1
DA:362,146
DA:366,0
DA:367,0
DA:370,146
DA:372,0
DA:379,2
FN:379,StargateAdapter.setBridgeRouter
FNDA:2,StargateAdapter.setBridgeRouter
DA:380,2
BRDA:380,8,0,1
DA:382,1
DA:383,1
DA:385,1
DA:393,0
FN:393,StargateAdapter.sendFleetDepositToDestinationChain
FNDA:0,StargateAdapter.sendFleetDepositToDestinationChain
DA:402,0
BRDA:402,9,0,-
DA:405,0
BRDA:405,10,0,-
DA:408,0
DA:409,0
BRDA:409,11,0,-
DA:412,0
DA:413,0
BRDA:413,12,0,-
DA:416,0
DA:419,0
DA:420,0
DA:431,0
DA:432,0
DA:435,0
DA:436,0
DA:441,0
DA:450,0
DA:463,0
FN:463,StargateAdapter.supportsUserInitiatedFleetDeposits
FNDA:0,StargateAdapter.supportsUserInitiatedFleetDeposits
DA:469,0
DA:473,10
FN:473,StargateAdapter.transferAsset
FNDA:10,StargateAdapter.transferAsset
DA:484,7
DA:487,10
BRDA:487,13,0,1
DA:490,9
BRDA:490,14,0,1
DA:493,8
DA:494,1
BRDA:494,15,0,1
DA:497,7
DA:500,7
DA:501,7
BRDA:501,16,0,-
DA:504,7
DA:507,7
DA:510,7
DA:521,7
DA:529,7
DA:537,5
DA:546,0
FN:546,StargateAdapter._sendFleetDepositToDestinationChain
FNDA:0,StargateAdapter._sendFleetDepositToDestinationChain
DA:554,0
DA:555,0
DA:558,0
DA:559,0
DA:562,0
DA:570,0
DA:573,0
DA:593,7
FN:593,StargateAdapter._executeSendToken
FNDA:7,StargateAdapter._executeSendToken
DA:599,7
DA:602,7
DA:612,7
DA:621,7
DA:624,7
DA:630,0
FN:630,StargateAdapter._buildFleetDepositSendParam
FNDA:0,StargateAdapter._buildFleetDepositSendParam
DA:637,0
DA:640,0
DA:644,0
DA:659,7
FN:659,StargateAdapter._buildSendParam
FNDA:7,StargateAdapter._buildSendParam
DA:667,7
DA:670,7
DA:678,7
DA:693,7
FN:693,StargateAdapter._updateMinAmount
FNDA:7,StargateAdapter._updateMinAmount
DA:698,7
DA:702,7
DA:704,7
BRDA:704,17,0,-
DA:705,0
DA:707,7
BRDA:707,18,0,-
DA:708,0
DA:712,7
BRDA:712,19,0,-
DA:713,0
DA:717,7
BRDA:717,20,0,-
DA:718,0
DA:725,7
DA:729,7
BRDA:729,21,0,-
BRDA:729,21,1,7
DA:731,0
DA:734,7
DA:736,0
DA:738,0
DA:747,7
FN:747,StargateAdapter._performTransfer
FNDA:7,StargateAdapter._performTransfer
DA:753,7
DA:755,7
BRDA:755,22,0,2
DA:756,2
DA:760,5
DA:770,0
FN:770,StargateAdapter._getTransportMode
FNDA:0,StargateAdapter._getTransportMode
DA:777,0
DA:783,0
FN:783,StargateAdapter._isTaxiMode
FNDA:0,StargateAdapter._isTaxiMode
DA:784,0
DA:788,11
FN:788,StargateAdapter.estimateFee
FNDA:11,StargateAdapter.estimateFee
DA:796,11
BRDA:796,23,0,1
DA:800,10
DA:801,10
DA:802,1
BRDA:802,24,0,1
DA:803,1
DA:807,9
DA:810,9
DA:815,9
DA:820,9
DA:821,9
BRDA:821,25,0,-
BRDA:821,25,1,9
DA:823,0
DA:826,9
DA:834,0
DA:845,9
DA:847,9
DA:848,9
DA:849,0
DA:851,0
DA:856,3
FN:856,StargateAdapter.getOperationStatus
FNDA:3,StargateAdapter.getOperationStatus
DA:859,3
DA:863,2
FN:863,StargateAdapter.getSupportedChains
FNDA:2,StargateAdapter.getSupportedChains
DA:869,2
DA:873,26
FN:873,StargateAdapter.supportsChain
FNDA:26,StargateAdapter.supportsChain
DA:874,26
DA:880,2
FN:880,StargateAdapter.isAssetSupported
FNDA:2,StargateAdapter.isAssetSupported
DA:884,2
BRDA:884,26,0,2
BRDA:884,26,1,-
DA:886,2
DA:889,0
DA:894,3
FN:894,StargateAdapter.supportsOperation
FNDA:3,StargateAdapter.supportsOperation
DA:898,3
DA:906,1
FN:906,StargateAdapter.readState
FNDA:1,StargateAdapter.readState
DA:916,1
DA:920,1
FN:920,StargateAdapter.sendMessage
FNDA:1,StargateAdapter.sendMessage
DA:928,1
DA:941,10
FN:941,StargateAdapter.lzCompose
FNDA:10,StargateAdapter.lzCompose
DA:949,10
BRDA:949,27,0,2
DA:950,2
DA:954,8
DA:955,8
DA:958,8
DA:966,2
FN:966,StargateAdapter._decodeFleetDepositMessage
FNDA:2,StargateAdapter._decodeFleetDepositMessage
DA:969,2
DA:973,2
DA:981,0
FN:981,StargateAdapter._encodeFleetDepositMessage
FNDA:0,StargateAdapter._encodeFleetDepositMessage
DA:984,0
DA:990,7
FN:990,StargateAdapter._handleComposedMessage
FNDA:7,StargateAdapter._handleComposedMessage
DA:996,7
DA:999,4
DA:1001,0
DA:1004,4
BRDA:1004,28,0,2
BRDA:1004,28,1,2
DA:1005,2
DA:1007,2
DA:1014,2
FN:1014,StargateAdapter._handleUserFleetDepositMessage
FNDA:2,StargateAdapter._handleUserFleetDepositMessage
DA:1020,2
DA:1021,2
DA:1024,2
DA:1034,2
BRDA:1034,29,0,1
DA:1036,1
DA:1044,1
DA:1047,1
DA:1059,2
FN:1059,StargateAdapter._handleAssetTransferMessage
FNDA:2,StargateAdapter._handleAssetTransferMessage
DA:1065,2
DA:1072,2
DA:1079,2
DA:1080,2
DA:1081,2
DA:1082,0
BRDA:1082,30,0,-
DA:1083,0
DA:1087,2
DA:1088,2
BRDA:1088,31,0,-
DA:1089,0
DA:1093,2
DA:1103,2
BRDA:1103,32,0,1
DA:1105,1
DA:1108,1
DA:1110,1
DA:1118,1
DA:1128,1
DA:1131,1
DA:1143,2
FN:1143,StargateAdapter._tryDepositToFleetCommander
FNDA:2,StargateAdapter._tryDepositToFleetCommander
DA:1154,2
DA:1157,1
BRDA:1157,33,0,1
DA:1158,1
DA:1165,1
DA:1169,1
DA:1170,1
BRDA:1170,34,0,-
DA:1171,0
DA:1178,0
DA:1182,1
DA:1185,1
BRDA:1185,35,0,-
DA:1186,0
DA:1193,0
DA:1197,1
DA:1200,1
DA:1201,1
DA:1203,1
BRDA:1203,36,0,-
BRDA:1203,36,1,-
DA:1204,0
DA:1210,0
BRDA:1210,37,0,-
DA:1211,0
DA:1218,0
DA:1221,1
DA:1226,1
BRDA:1226,38,0,-
DA:1227,0
DA:1234,0
DA:1238,1
BRDA:1238,39,0,1
DA:1239,1
DA:1248,1
DA:1251,0
DA:1257,2
FN:1257,StargateAdapter._tryDeliverAssets
FNDA:2,StargateAdapter._tryDeliverAssets
DA:1267,2
DA:1271,2
DA:1277,1
DA:1278,1
DA:1279,1
DA:1280,1
DA:1289,0
FN:1289,StargateAdapter._validateFleetCommander
FNDA:0,StargateAdapter._validateFleetCommander
DA:1291,0
DA:1294,0
BRDA:1294,40,0,-
DA:1295,0
DA:1305,2
FN:1305,StargateAdapter._isFleetProxy
FNDA:2,StargateAdapter._isFleetProxy
DA:1308,2
DA:1311,1
DA:1312,0
BRDA:1312,41,0,-
DA:1313,0
DA:1315,0
DA:1322,1
DA:1325,1
DA:1326,1
DA:1327,1
DA:1328,1
DA:1335,3
FN:1335,StargateAdapter.getEndpointId
FNDA:3,StargateAdapter.getEndpointId
DA:1336,3
DA:1349,6
FN:1349,StargateAdapter.manualRecovery
FNDA:6,StargateAdapter.manualRecovery
DA:1357,6
BRDA:1357,42,0,1
DA:1359,5
DA:1360,5
BRDA:1360,43,0,1
DA:1362,4
DA:1365,1
BRDA:1365,44,0,1
DA:1367,1
DA:1373,0
DA:1375,0
DA:1377,0
DA:1382,4
BRDA:1382,45,0,3
DA:1383,3
DA:1386,3
DA:1387,3
BRDA:1387,46,0,3
DA:1389,3
DA:1392,3
DA:1393,0
DA:1398,4
DA:1405,8
FN:1405,StargateAdapter.getFailedOperations
FNDA:8,StargateAdapter.getFailedOperations
DA:1406,8
DA:1414,3
FN:1414,StargateAdapter.getFailedCompose
FNDA:3,StargateAdapter.getFailedCompose
DA:1417,3
DA:1425,1
FN:1425,StargateAdapter.getAdapterBalance
FNDA:1,StargateAdapter.getAdapterBalance
DA:1426,1
DA:1438,0
FN:1438,StargateAdapter._executeFleetDepositWithReferral
FNDA:0,StargateAdapter._executeFleetDepositWithReferral
DA:1445,0
DA:1450,0
DA:1451,0
DA:1452,0
DA:1453,0
DA:1465,1
FN:1465,StargateAdapter._executeFleetDepositWithoutReferral
FNDA:1,StargateAdapter._executeFleetDepositWithoutReferral
DA:1471,1
DA:1475,1
DA:1476,1
DA:1477,0
DA:1478,0
DA:1485,0
FN:1485,StargateAdapter._depositToFleetCommander
FNDA:0,StargateAdapter._depositToFleetCommander
DA:1495,0
DA:1498,0
DA:1499,0
BRDA:1499,47,0,-
DA:1500,0
DA:1504,0
DA:1507,0
BRDA:1507,48,0,-
DA:1508,0
DA:1512,0
DA:1515,0
DA:1516,0
DA:1518,0
BRDA:1518,49,0,-
BRDA:1518,49,1,-
DA:1519,0
DA:1526,0
DA:1533,0
BRDA:1533,50,0,-
DA:1534,0
DA:1537,0
DA:1551,2
FN:1551,StargateAdapter._handleUserInitiatedFailure
FNDA:2,StargateAdapter._handleUserInitiatedFailure
DA:1560,2
DA:1563,2
DA:1574,2
FNF:46
FNH:34
LF:316
LH:205
BRF:57
BRH:25
end_of_record
TN:
SF:src/router/BridgeQueue.sol
DA:104,20
FN:104,BridgeQueue.onlyQueueManagerAuth
FNDA:20,BridgeQueue.onlyQueueManagerAuth
DA:105,20
BRDA:105,0,0,1
DA:106,1
DA:115,256
FN:115,BridgeQueue.constructor
FNDA:256,BridgeQueue.constructor
DA:120,256
BRDA:120,1,0,-
DA:122,256
DA:123,256
DA:125,256
DA:126,256
DA:135,19
FN:135,BridgeQueue.queueTransferAssets
FNDA:19,BridgeQueue.queueTransferAssets
DA:141,19
DA:142,5
BRDA:142,2,0,5
DA:144,14
DA:152,14
DA:160,14
DA:163,14
DA:165,14
DA:166,14
DA:168,14
DA:174,0
DA:179,8
FN:179,BridgeQueue.queueReadState
FNDA:8,BridgeQueue.queueReadState
DA:185,8
BRDA:185,3,0,-
DA:187,8
DA:195,8
DA:203,8
DA:204,8
DA:206,8
DA:207,8
DA:209,8
DA:215,0
DA:220,4
FN:220,BridgeQueue.queueSendMessage
FNDA:4,BridgeQueue.queueSendMessage
DA:225,4
BRDA:225,4,0,-
DA:227,4
DA:235,4
DA:242,4
DA:243,4
DA:245,4
DA:246,4
DA:248,4
DA:254,0
DA:263,21
FN:263,BridgeQueue.executeQueuedOperation
FNDA:21,BridgeQueue.executeQueuedOperation
DA:267,21
DA:268,21
BRDA:268,5,0,2
DA:269,19
DA:270,0
BRDA:270,6,0,-
DA:272,19
DA:273,8
DA:274,19
DA:275,19
BRDA:275,7,0,-
DA:278,19
DA:281,19
BRDA:281,8,0,9
BRDA:281,8,1,-
DA:282,9
DA:285,9
DA:292,9
BRDA:292,9,0,1
DA:295,8
DA:302,8
DA:307,8
DA:319,8
DA:322,10
BRDA:322,10,0,7
BRDA:322,10,1,-
DA:323,7
DA:326,7
DA:333,7
BRDA:333,11,0,-
DA:335,7
DA:347,7
DA:350,3
BRDA:350,12,0,3
BRDA:350,12,1,-
DA:351,3
DA:354,3
DA:361,3
BRDA:361,13,0,-
DA:363,3
DA:374,3
DA:378,0
DA:382,14
DA:383,14
DA:386,6
BRDA:386,14,0,6
BRDA:386,14,1,2
DA:387,6
DA:388,8
BRDA:388,15,0,6
BRDA:388,15,1,2
DA:389,6
DA:390,2
BRDA:390,16,0,2
DA:391,2
DA:395,6
DA:398,14
BRDA:398,17,0,4
DA:399,4
DA:402,4
BRDA:402,18,0,-
DA:405,14
DA:407,0
DA:414,16
FN:414,BridgeQueue._removePendingId
FNDA:16,BridgeQueue._removePendingId
DA:415,16
DA:416,16
BRDA:416,19,0,-
DA:417,0
DA:418,0
DA:419,0
DA:421,16
DA:422,16
DA:430,9
FN:430,BridgeQueue.getPendingQueueCount
FNDA:9,BridgeQueue.getPendingQueueCount
DA:431,9
DA:435,4
FN:435,BridgeQueue.getPendingQueueIdAtIndex
FNDA:4,BridgeQueue.getPendingQueueIdAtIndex
DA:438,4
DA:442,0
FN:442,BridgeQueue.pendingQueueIds
FNDA:0,BridgeQueue.pendingQueueIds
DA:443,0
DA:447,0
FN:447,BridgeQueue.getOperationStatus
FNDA:0,BridgeQueue.getOperationStatus
DA:451,0
BRDA:451,20,0,-
DA:452,0
DA:456,0
DA:458,0
DA:460,0
BRDA:460,21,0,-
BRDA:457,21,1,-
DA:461,0
DA:463,0
DA:465,0
BRDA:465,22,0,-
BRDA:462,22,1,-
DA:466,0
DA:468,0
DA:469,0
BRDA:469,23,0,-
DA:470,0
DA:473,0
BRDA:473,24,0,-
DA:475,0
DA:476,0
DA:477,0
DA:478,0
DA:479,0
DA:482,0
DA:490,238
FN:490,BridgeQueue.setBridgeRouter
FNDA:238,BridgeQueue.setBridgeRouter
DA:491,238
BRDA:491,25,0,-
DA:495,238
DA:498,238
DA:499,238
BRDA:499,26,0,-
DA:500,0
DA:501,0
DA:504,238
DA:505,0
DA:509,1
FN:509,BridgeQueue.addQueueManager
FNDA:1,BridgeQueue.addQueueManager
DA:510,1
BRDA:510,27,0,-
DA:511,1
BRDA:511,28,0,1
DA:512,1
DA:513,1
DA:518,0
FN:518,BridgeQueue.removeQueueManager
FNDA:0,BridgeQueue.removeQueueManager
DA:519,0
BRDA:519,29,0,-
DA:520,0
BRDA:520,30,0,-
DA:521,0
DA:522,0
DA:527,4
FN:527,BridgeQueue.dequeueOperation
FNDA:4,BridgeQueue.dequeueOperation
DA:530,4
DA:531,4
BRDA:531,31,0,2
DA:532,2
DA:533,0
BRDA:533,32,0,-
DA:537,2
DA:539,2
BRDA:539,33,0,2
DA:540,2
DA:542,2
BRDA:542,34,0,-
DA:544,0
DA:547,0
DA:548,0
BRDA:548,35,0,-
DA:550,0
DA:552,0
DA:556,0
DA:562,2
DA:563,2
DA:565,2
DA:569,0
FN:569,BridgeQueue.recoverFunds
FNDA:0,BridgeQueue.recoverFunds
DA:574,0
BRDA:574,36,0,-
DA:576,0
BRDA:576,37,0,-
BRDA:576,37,1,-
DA:577,0
DA:580,0
DA:581,0
BRDA:581,38,0,-
DA:582,0
DA:585,0
BRDA:585,39,0,-
DA:586,0
DA:588,0
DA:589,0
DA:592,0
DA:593,0
FNF:16
FNH:12
LF:169
LH:110
BRF:48
BRH:16
end_of_record
TN:
SF:src/router/BridgeRouter.sol
DA:76,238
FN:76,BridgeRouter.constructor
FNDA:238,BridgeRouter.constructor
DA:80,238
DA:81,238
DA:92,0
FN:92,BridgeRouter.onlyRegisteredAdapter
FNDA:0,BridgeRouter.onlyRegisteredAdapter
DA:93,0
BRDA:93,0,0,-
DA:101,1
FN:101,BridgeRouter.onlyBridgeQueue
FNDA:1,BridgeRouter.onlyBridgeQueue
DA:102,1
BRDA:102,1,0,-
DA:110,1
FN:110,BridgeRouter.whenNotPaused
FNDA:1,BridgeRouter.whenNotPaused
DA:111,1
BRDA:111,2,0,1
DA:123,5
FN:123,BridgeRouter._validateTransferParams
FNDA:5,BridgeRouter._validateTransferParams
DA:127,5
DA:128,5
DA:129,5
DA:130,5
DA:131,0
BRDA:131,3,0,-
DA:138,0
FN:138,BridgeRouter._validateReadStateParams
FNDA:0,BridgeRouter._validateReadStateParams
DA:141,0
DA:142,0
BRDA:142,4,0,-
DA:149,0
FN:149,BridgeRouter._validateSendMessageParams
FNDA:0,BridgeRouter._validateSendMessageParams
DA:152,0
DA:153,0
BRDA:153,5,0,-
DA:161,30
FN:161,BridgeRouter._validateAdapterSupportsOperation
FNDA:30,BridgeRouter._validateAdapterSupportsOperation
DA:165,30
BRDA:165,6,0,-
DA:166,30
BRDA:166,7,0,-
DA:167,0
DA:176,5
FN:176,BridgeRouter._validateFee
FNDA:5,BridgeRouter._validateFee
DA:180,5
BRDA:180,8,0,2
DA:188,0
FN:188,BridgeRouter._refund
FNDA:0,BridgeRouter._refund
DA:189,0
BRDA:189,9,0,-
DA:190,0
DA:191,0
BRDA:191,10,0,-
DA:205,3
FN:205,BridgeRouter._generateOperationId
FNDA:3,BridgeRouter._generateOperationId
DA:214,3
DA:216,3
DA:230,3
DA:232,0
DA:240,26
FN:240,BridgeRouter._applyFeeBuffer
FNDA:26,BridgeRouter._applyFeeBuffer
DA:244,26
DA:254,5
FN:254,BridgeRouter.executeTransferAssets
FNDA:5,BridgeRouter.executeTransferAssets
DA:264,5
DA:267,5
DA:276,5
DA:279,5
DA:281,3
DA:287,3
DA:294,3
DA:298,3
BRDA:298,11,0,-
DA:300,0
DA:303,0
DA:304,0
BRDA:304,12,0,-
DA:306,0
DA:308,0
DA:312,0
DA:318,3
DA:328,3
DA:331,3
DA:342,3
DA:353,0
DA:359,0
FN:359,BridgeRouter.executeReadState
FNDA:0,BridgeRouter.executeReadState
DA:369,0
DA:372,0
DA:381,0
DA:384,0
DA:386,0
DA:392,0
DA:407,0
DA:410,0
DA:413,0
DA:424,0
DA:435,0
DA:441,0
FN:441,BridgeRouter.executeSendMessage
FNDA:0,BridgeRouter.executeSendMessage
DA:451,0
DA:454,0
DA:463,0
DA:466,0
DA:468,0
DA:474,0
DA:483,0
DA:486,0
DA:495,0
DA:504,0
DA:522,32
FN:522,BridgeRouter._quote
FNDA:32,BridgeRouter._quote
DA:533,32
DA:536,32
BRDA:536,13,0,3
BRDA:536,13,1,-
DA:537,3
DA:540,29
BRDA:540,14,0,2
DA:541,2
DA:545,27
DA:548,27
DA:556,26
DA:560,27
FN:560,BridgeRouter.quote
FNDA:27,BridgeRouter.quote
DA:572,27
DA:581,27
DA:583,21
DA:591,17
FN:591,BridgeRouter.updateOperationStatus
FNDA:17,BridgeRouter.updateOperationStatus
DA:595,17
DA:596,2
BRDA:596,15,0,2
DA:600,15
DA:601,10
DA:602,10
BRDA:602,16,0,10
BRDA:599,16,1,4
DA:603,10
DA:604,10
DA:606,5
DA:607,5
DA:608,4
BRDA:608,17,0,4
DA:609,4
DA:610,4
DA:615,0
FN:615,BridgeRouter.updateReceiveStatus
FNDA:0,BridgeRouter.updateReceiveStatus
DA:620,0
DA:623,0
BRDA:623,18,0,-
DA:624,0
DA:625,0
DA:629,0
DA:637,0
FN:637,BridgeRouter.notifyMessageReceived
FNDA:0,BridgeRouter.notifyMessageReceived
DA:645,0
DA:648,0
DA:651,0
BRDA:651,19,0,-
DA:652,0
DA:663,9
FN:663,BridgeRouter.deliverReadResponse
FNDA:9,BridgeRouter.deliverReadResponse
DA:668,9
BRDA:668,20,0,1
DA:669,1
DA:672,8
DA:673,8
BRDA:673,21,0,-
DA:676,0
DA:679,8
DA:681,8
DA:684,3
DA:685,3
BRDA:685,22,0,3
BRDA:685,22,1,-
DA:687,3
DA:693,2
DA:694,2
DA:695,1
DA:696,1
DA:699,0
DA:708,0
DA:710,0
DA:711,0
DA:715,3
DA:718,0
BRDA:718,23,0,1
DA:719,1
DA:720,1
DA:732,1
FN:732,BridgeRouter.getAdapters
FNDA:1,BridgeRouter.getAdapters
DA:733,1
DA:737,36
FN:737,BridgeRouter.isValidAdapter
FNDA:36,BridgeRouter.isValidAdapter
DA:738,36
DA:742,4
FN:742,BridgeRouter.getOperationStatus
FNDA:4,BridgeRouter.getOperationStatus
DA:745,4
DA:753,247
FN:753,BridgeRouter.registerAdapter
FNDA:247,BridgeRouter.registerAdapter
DA:754,247
BRDA:754,24,0,1
DA:756,246
DA:757,246
DA:761,2
FN:761,BridgeRouter.removeAdapter
FNDA:2,BridgeRouter.removeAdapter
DA:762,2
BRDA:762,25,0,1
DA:764,1
DA:765,1
DA:769,5
FN:769,BridgeRouter.pause
FNDA:5,BridgeRouter.pause
DA:770,5
DA:774,1
FN:774,BridgeRouter.unpause
FNDA:1,BridgeRouter.unpause
DA:775,1
DA:779,0
FN:779,BridgeRouter.recoverFunds
FNDA:0,BridgeRouter.recoverFunds
DA:783,0
BRDA:783,26,0,-
DA:784,0
BRDA:784,27,0,-
DA:786,0
DA:787,0
BRDA:787,28,0,-
DA:789,0
DA:793,0
FN:793,BridgeRouter.setChainRouterAddress
FNDA:0,BridgeRouter.setChainRouterAddress
DA:797,0
DA:798,0
DA:802,0
FN:802,BridgeRouter.recoverOperationStatus
FNDA:0,BridgeRouter.recoverOperationStatus
DA:807,0
DA:810,0
DA:814,238
FN:814,BridgeRouter.supportsInterface
FNDA:238,BridgeRouter.supportsInterface
DA:817,238
DA:823,0
FN:823,BridgeRouter.setBridgeQueue
FNDA:0,BridgeRouter.setBridgeQueue
DA:824,0
BRDA:824,29,0,-
DA:825,0
DA:826,0
FNF:33
FNH:21
LF:177
LH:99
BRF:33
BRH:13
end_of_record
