TN:
SF:src/adapters/LayerZeroAdapter.sol
DA:104,97
FN:104,LayerZeroAdapter.constructor
FNDA:97,LayerZeroAdapter.constructor
DA:117,97
BRDA:117,0,0,-
DA:118,97
BRDA:118,1,0,-
DA:119,97
DA:120,0
BRDA:120,2,0,-
DA:121,97
BRDA:121,3,0,-
DA:122,97
DA:125,97
DA:126,192
BRDA:126,4,0,-
DA:127,192
DA:144,38
FN:144,LayerZeroAdapter.activateReadChannel
FNDA:38,LayerZeroAdapter.activateReadChannel
DA:145,38
BRDA:145,5,0,-
DA:146,0
DA:148,38
DA:149,38
DA:150,38
DA:151,38
DA:159,31
FN:159,LayerZeroAdapter.configureReadLibraries
FNDA:31,LayerZeroAdapter.configureReadLibraries
DA:162,31
BRDA:162,6,0,1
DA:163,30
BRDA:163,7,0,-
DA:166,30
DA:173,28
DA:180,28
DA:191,36
FN:191,LayerZeroAdapter.configureReadDVNs
FNDA:36,LayerZeroAdapter.configureReadDVNs
DA:197,36
BRDA:197,8,0,1
DA:198,35
BRDA:198,9,0,1
DA:199,34
BRDA:199,10,0,1
DA:200,33
BRDA:200,11,0,1
DA:201,32
BRDA:201,12,0,1
DA:204,31
DA:205,33
BRDA:205,13,0,1
DA:206,32
DA:207,2
BRDA:207,15,0,1
DA:211,29
DA:221,29
DA:224,29
DA:225,29
DA:232,29
DA:234,28
DA:243,15
FN:243,LayerZeroAdapter.setChainReadSupport
FNDA:15,LayerZeroAdapter.setChainReadSupport
DA:247,15
DA:248,15
DA:263,16
FN:263,LayerZeroAdapter._lzReceive
FNDA:16,LayerZeroAdapter._lzReceive
DA:281,16
BRDA:281,16,0,10
BRDA:281,16,1,1
DA:282,10
DA:283,6
BRDA:283,17,0,5
BRDA:283,17,1,1
DA:285,5
DA:288,5
DA:289,5
BRDA:289,18,0,4
BRDA:289,18,1,1
DA:290,4
DA:292,1
DA:295,1
DA:304,4
FN:304,LayerZeroAdapter._relayMessage
FNDA:4,LayerZeroAdapter._relayMessage
DA:308,4
DA:309,4
DA:310,4
DA:317,4
DA:321,2
DA:332,10
FN:332,LayerZeroAdapter._relayReadResponse
FNDA:10,LayerZeroAdapter._relayReadResponse
DA:334,10
DA:335,10
BRDA:335,19,0,3
DA:337,3
DA:338,3
DA:342,7
DA:344,7
DA:352,7
DA:358,7
DA:359,7
DA:367,1
FN:367,LayerZeroAdapter.estimateTransferAssets
FNDA:1,LayerZeroAdapter.estimateTransferAssets
DA:371,1
DA:375,10
FN:375,LayerZeroAdapter.estimateReadState
FNDA:10,LayerZeroAdapter.estimateReadState
DA:384,10
BRDA:384,20,0,-
DA:385,0
DA:389,10
BRDA:389,21,0,1
DA:392,9
BRDA:392,22,0,1
DA:393,1
DA:396,8
DA:399,8
DA:405,8
DA:410,8
DA:417,7
DA:421,7
FN:421,LayerZeroAdapter.estimateSendMessage
FNDA:7,LayerZeroAdapter.estimateSendMessage
DA:430,7
BRDA:430,23,0,-
DA:431,0
DA:434,7
DA:435,7
DA:438,7
DA:448,7
DA:453,7
DA:455,6
DA:459,11
FN:459,LayerZeroAdapter.readState
FNDA:11,LayerZeroAdapter.readState
DA:471,10
BRDA:471,24,0,1
DA:474,9
DA:477,9
BRDA:477,25,0,1
DA:478,1
DA:481,8
DA:484,8
DA:489,8
DA:494,8
DA:501,5
DA:505,5
DA:507,5
DA:509,5
DA:519,8
FN:519,LayerZeroAdapter.sendMessage
FNDA:8,LayerZeroAdapter.sendMessage
DA:531,5
DA:534,5
BRDA:534,26,0,1
DA:535,1
DA:539,4
DA:548,4
DA:555,4
DA:564,4
DA:567,4
DA:584,29
FN:584,LayerZeroAdapter._getLayerZeroEid
FNDA:29,LayerZeroAdapter._getLayerZeroEid
DA:588,29
DA:597,27
FN:597,LayerZeroAdapter._createLzOptions
FNDA:27,LayerZeroAdapter._createLzOptions
DA:601,27
DA:603,26
BRDA:603,27,0,16
BRDA:603,27,1,10
DA:604,16
DA:605,16
DA:607,10
DA:608,10
DA:622,16
FN:622,LayerZeroAdapter._createReadStatePayload
FNDA:16,LayerZeroAdapter._createReadStatePayload
DA:627,16
DA:628,16
DA:638,16
DA:646,11
FN:646,LayerZeroAdapter._createMessagePayload
FNDA:11,LayerZeroAdapter._createMessagePayload
DA:649,11
DA:653,29
FN:653,LayerZeroAdapter.supportsOperation
FNDA:29,LayerZeroAdapter.supportsOperation
DA:657,29
DA:658,29
DA:659,18
DA:663,5
FN:663,LayerZeroAdapter.supportsMessageOperation
FNDA:5,LayerZeroAdapter.supportsMessageOperation
DA:668,5
BRDA:668,28,0,1
DA:669,1
DA:673,4
BRDA:673,29,0,1
DA:674,1
DA:678,3
BRDA:678,30,0,3
DA:679,3
DA:683,0
DA:690,0
FN:690,LayerZeroAdapter._createDummyMessageParams
FNDA:0,LayerZeroAdapter._createDummyMessageParams
DA:695,0
FNF:20
FNH:19
LF:141
LH:134
BRF:34
BRH:25
end_of_record
TN:
SF:src/adapters/StargateAdapter.sol
DA:94,66
FN:94,StargateAdapter.constructor
FNDA:66,StargateAdapter.constructor
DA:99,66
BRDA:99,0,0,-
DA:101,66
DA:112,0
FN:112,StargateAdapter.setSlippageTolerance
FNDA:0,StargateAdapter.setSlippageTolerance
DA:114,0
DA:115,0
BRDA:115,1,0,-
DA:116,0
DA:118,0
DA:119,0
DA:127,77
FN:127,StargateAdapter.addSupportedAsset
FNDA:77,StargateAdapter.addSupportedAsset
DA:131,77
BRDA:131,2,0,1
DA:132,1
DA:136,76
BRDA:136,3,0,76
DA:139,76
BRDA:139,4,0,-
DA:140,0
DA:142,0
BRDA:142,3,1,-
DA:143,0
DA:146,76
DA:147,76
BRDA:147,5,0,-
DA:148,0
DA:151,76
DA:152,76
DA:154,76
DA:162,10
FN:162,StargateAdapter.transferAsset
FNDA:10,StargateAdapter.transferAsset
DA:173,7
DA:176,8
BRDA:176,6,0,1
DA:177,1
DA:181,7
DA:187,7
DA:190,7
DA:202,7
FN:202,StargateAdapter._executeSendToken
FNDA:7,StargateAdapter._executeSendToken
DA:209,7
DA:210,7
DA:213,7
DA:216,7
DA:219,7
DA:227,7
DA:229,6
BRDA:229,7,0,2
DA:230,2
DA:234,4
DA:241,4
DA:242,4
BRDA:242,8,0,2
DA:243,2
DA:244,2
BRDA:244,9,0,-
DA:253,13
FN:253,StargateAdapter._composeOptions
FNDA:13,StargateAdapter._composeOptions
DA:254,13
DA:255,13
DA:261,13
FN:261,StargateAdapter._buildSendParam
FNDA:13,StargateAdapter._buildSendParam
DA:269,13
DA:272,13
DA:276,13
DA:297,13
FN:297,StargateAdapter._prepareSendParamWithSlippageValidation
FNDA:13,StargateAdapter._prepareSendParamWithSlippageValidation
DA:308,13
DA:311,13
DA:330,13
DA:333,13
DA:337,13
BRDA:337,10,0,1
DA:338,1
DA:346,12
DA:352,0
FN:352,StargateAdapter._getTransportMode
FNDA:0,StargateAdapter._getTransportMode
DA:359,0
DA:365,0
FN:365,StargateAdapter._isTaxiMode
FNDA:0,StargateAdapter._isTaxiMode
DA:366,0
DA:369,8
FN:369,StargateAdapter.estimateTransferAssets
FNDA:8,StargateAdapter.estimateTransferAssets
DA:378,7
BRDA:378,11,0,-
DA:379,0
DA:383,7
BRDA:383,12,0,1
DA:384,1
DA:388,6
DA:391,6
DA:394,6
DA:397,6
DA:410,6
DA:414,6
DA:418,0
FN:418,StargateAdapter.estimateReadState
FNDA:0,StargateAdapter.estimateReadState
DA:422,0
DA:426,0
FN:426,StargateAdapter.estimateSendMessage
FNDA:0,StargateAdapter.estimateSendMessage
DA:430,0
DA:434,10
FN:434,StargateAdapter.supportsOperation
FNDA:10,StargateAdapter.supportsOperation
DA:437,10
DA:441,2
FN:441,StargateAdapter.supportsAssetTransfer
FNDA:2,StargateAdapter.supportsAssetTransfer
DA:445,2
BRDA:445,13,0,2
DA:447,2
DA:455,0
DA:456,0
DA:457,0
DA:470,10
FN:470,StargateAdapter.lzCompose
FNDA:10,StargateAdapter.lzCompose
DA:478,10
BRDA:478,14,0,2
DA:481,8
DA:486,8
DA:491,8
DA:496,8
DA:497,8
DA:498,5
DA:501,5
DA:503,8
DA:504,8
DA:508,5
DA:515,8
DA:516,4
DA:526,8
FN:526,StargateAdapter._decodeOFTCompose
FNDA:8,StargateAdapter._decodeOFTCompose
DA:544,8
BRDA:544,15,0,2
DA:546,6
DA:547,6
DA:548,6
DA:549,6
DA:558,8
FN:558,StargateAdapter._validateStargatePool
FNDA:8,StargateAdapter._validateStargatePool
DA:561,8
DA:562,8
DA:563,0
BRDA:563,16,0,-
DA:569,3
FN:569,StargateAdapter.getEndpointId
FNDA:3,StargateAdapter.getEndpointId
DA:570,3
FNF:19
FNH:14
LF:112
LH:89
BRF:18
BRH:10
end_of_record
TN:
SF:src/base/BaseBridgeAdapter.sol
DA:82,532
FN:82,BaseBridgeAdapter.constructor
FNDA:532,BaseBridgeAdapter.constructor
DA:86,531
BRDA:86,0,0,-
DA:87,0
DA:89,531
BRDA:89,1,0,-
DA:90,0
DA:92,531
DA:105,137
FN:105,BaseBridgeAdapter.mapExternalId
FNDA:137,BaseBridgeAdapter.mapExternalId
DA:109,137
BRDA:109,2,0,1
DA:110,1
DA:112,136
DA:119,1
FN:119,BaseBridgeAdapter.unmapExternalId
FNDA:1,BaseBridgeAdapter.unmapExternalId
DA:120,1
DA:124,839
FN:124,BaseBridgeAdapter.supportsInterface
FNDA:839,BaseBridgeAdapter.supportsInterface
DA:125,839
DA:139,20
FN:139,BaseBridgeAdapter.onlyTrustedDestination
FNDA:20,BaseBridgeAdapter.onlyTrustedDestination
DA:140,20
BRDA:140,3,0,-
DA:141,0
DA:151,1
FN:151,BaseBridgeAdapter.getPeeredChainIds
FNDA:1,BaseBridgeAdapter.getPeeredChainIds
DA:156,1
DA:161,1
DA:164,70
FN:164,BaseBridgeAdapter._peerAdapter
FNDA:70,BaseBridgeAdapter._peerAdapter
DA:165,70
DA:171,57
FN:171,BaseBridgeAdapter.isTrustedDestination
FNDA:57,BaseBridgeAdapter.isTrustedDestination
DA:172,57
DA:176,10
FN:176,BaseBridgeAdapter._assertTrustedSource
FNDA:10,BaseBridgeAdapter._assertTrustedSource
DA:181,10
DA:187,2
BRDA:187,4,0,2
DA:188,2
DA:192,11
FN:192,BaseBridgeAdapter._assertSourceChainId
FNDA:11,BaseBridgeAdapter._assertSourceChainId
DA:196,11
BRDA:196,5,0,2
DA:204,328
FN:204,BaseBridgeAdapter._mapChainExternalId
FNDA:328,BaseBridgeAdapter._mapChainExternalId
DA:205,328
DA:206,328
DA:207,328
DA:214,1
FN:214,BaseBridgeAdapter._unmapChainExternalId
FNDA:1,BaseBridgeAdapter._unmapChainExternalId
DA:215,1
DA:216,1
DA:217,1
DA:218,1
DA:227,44
FN:227,BaseBridgeAdapter._externalIdForChain
FNDA:44,BaseBridgeAdapter._externalIdForChain
DA:230,44
DA:231,44
BRDA:231,6,0,1
DA:232,1
DA:234,0
DA:243,2
FN:243,BaseBridgeAdapter._chainIdFromExternalId
FNDA:2,BaseBridgeAdapter._chainIdFromExternalId
DA:246,2
DA:247,2
BRDA:247,7,0,1
DA:248,1
DA:250,0
DA:258,42
FN:258,BaseBridgeAdapter._requireGasLimit
FNDA:42,BaseBridgeAdapter._requireGasLimit
DA:259,42
BRDA:259,8,0,2
DA:260,0
DA:263,4
FN:263,BaseBridgeAdapter._decodeRelayedMessageParams
FNDA:4,BaseBridgeAdapter._decodeRelayedMessageParams
DA:266,4
DA:269,6
FN:269,BaseBridgeAdapter._decodeRelayedTransferParams
FNDA:6,BaseBridgeAdapter._decodeRelayedTransferParams
DA:272,6
DA:275,0
FN:275,BaseBridgeAdapter._decodeRelayedReadResponse
FNDA:0,BaseBridgeAdapter._decodeRelayedReadResponse
DA:278,0
DA:281,12
FN:281,BaseBridgeAdapter._encodeRelayedMessageParams
FNDA:12,BaseBridgeAdapter._encodeRelayedMessageParams
DA:284,12
DA:287,14
FN:287,BaseBridgeAdapter._encodeRelayedTransferParams
FNDA:14,BaseBridgeAdapter._encodeRelayedTransferParams
DA:290,14
DA:293,9
FN:293,BaseBridgeAdapter._encodeRelayedReadResponse
FNDA:9,BaseBridgeAdapter._encodeRelayedReadResponse
DA:296,9
DA:299,12
FN:299,BaseBridgeAdapter._encodeRelayedMessageParamsWithType
FNDA:12,BaseBridgeAdapter._encodeRelayedMessageParamsWithType
DA:302,12
DA:303,12
DA:309,1
FN:309,BaseBridgeAdapter._encodeRelayedTransferParamsWithType
FNDA:1,BaseBridgeAdapter._encodeRelayedTransferParamsWithType
DA:312,1
DA:313,1
DA:319,1
FN:319,BaseBridgeAdapter._encodeRelayedReadResponseWithType
FNDA:1,BaseBridgeAdapter._encodeRelayedReadResponseWithType
DA:322,1
DA:323,1
DA:335,8
FN:335,BaseBridgeAdapter._decodePayload
FNDA:8,BaseBridgeAdapter._decodePayload
DA:342,8
DA:351,12
FN:351,BaseBridgeAdapter.sweep
FNDA:12,BaseBridgeAdapter.sweep
DA:356,12
BRDA:356,9,0,2
DA:358,10
BRDA:358,10,0,7
BRDA:358,10,1,-
DA:360,7
BRDA:360,11,0,1
DA:361,6
DA:362,6
BRDA:362,12,0,1
DA:365,3
DA:366,3
BRDA:366,13,0,1
DA:367,2
DA:370,5
FNF:26
FNH:25
LF:85
LH:77
BRF:15
BRH:11
end_of_record
TN:
SF:src/base/CrossChainReceiverBase.sol
DA:24,52
FN:24,CrossChainReceiverBase.receiveOperation
FNDA:52,CrossChainReceiverBase.receiveOperation
DA:29,0
DA:31,52
BRDA:31,0,0,14
BRDA:31,0,1,-
DA:32,14
DA:36,14
DA:37,38
BRDA:37,1,0,30
BRDA:37,1,1,-
DA:38,30
DA:42,30
DA:43,8
BRDA:43,2,0,8
BRDA:43,2,1,-
DA:44,8
DA:48,8
DA:50,0
DA:59,0
FN:59,CrossChainReceiverBase.getSupportedOperationTypes
FNDA:0,CrossChainReceiverBase.getSupportedOperationTypes
DA:66,0
DA:72,55
FN:72,CrossChainReceiverBase.supportsInterface
FNDA:55,CrossChainReceiverBase.supportsInterface
DA:75,55
DA:76,55
DA:77,3
DA:88,0
FN:88,CrossChainReceiverBase._handleMessage
FNDA:0,CrossChainReceiverBase._handleMessage
DA:92,0
DA:99,0
FN:99,CrossChainReceiverBase._handleTransferAsset
FNDA:0,CrossChainReceiverBase._handleTransferAsset
DA:103,0
DA:110,0
FN:110,CrossChainReceiverBase._handleReadStateResponse
FNDA:0,CrossChainReceiverBase._handleReadStateResponse
DA:114,0
DA:122,0
FN:122,CrossChainReceiverBase._getSupportedOperationTypes
FNDA:0,CrossChainReceiverBase._getSupportedOperationTypes
DA:129,0
FNF:7
FNH:2
LF:26
LH:14
BRF:6
BRH:3
end_of_record
TN:
SF:src/contracts/CrossChainConfigManaged.sol
DA:21,791
FN:21,CrossChainConfigManaged.constructor
FNDA:791,CrossChainConfigManaged.constructor
DA:22,791
BRDA:22,0,0,-
DA:23,0
DA:25,791
DA:36,7
FN:36,CrossChainConfigManaged.onlyAuthorizedExecutor
FNDA:7,CrossChainConfigManaged.onlyAuthorizedExecutor
DA:37,7
BRDA:37,1,0,-
DA:45,19
FN:45,CrossChainConfigManaged.onlyRouter
FNDA:19,CrossChainConfigManaged.onlyRouter
DA:46,19
BRDA:46,2,0,4
DA:55,57
FN:55,CrossChainConfigManaged.bridgeRouter
FNDA:57,CrossChainConfigManaged.bridgeRouter
DA:56,57
DA:60,1
FN:60,CrossChainConfigManaged.crossChainRegistry
FNDA:1,CrossChainConfigManaged.crossChainRegistry
DA:61,1
DA:65,27
FN:65,CrossChainConfigManaged.isExecutor
FNDA:27,CrossChainConfigManaged.isExecutor
DA:66,27
FNF:6
FNH:6
LF:14
LH:13
BRF:3
BRH:1
end_of_record
TN:
SF:src/contracts/CrossChainRegistry.sol
DA:62,332
FN:62,CrossChainRegistry.constructor
FNDA:332,CrossChainRegistry.constructor
DA:63,332
DA:65,332
DA:66,332
DA:68,332
DA:76,126
FN:76,CrossChainRegistry.registerRelationship
FNDA:126,CrossChainRegistry.registerRelationship
DA:84,126
DA:94,11
FN:94,CrossChainRegistry.unregisterRelationship
FNDA:11,CrossChainRegistry.unregisterRelationship
DA:99,11
DA:107,324
FN:107,CrossChainRegistry.registerExecutor
FNDA:324,CrossChainRegistry.registerExecutor
DA:108,324
DA:118,1
FN:118,CrossChainRegistry.removeExecutor
FNDA:1,CrossChainRegistry.removeExecutor
DA:119,1
DA:134,274
FN:134,CrossChainRegistry.setBridgeRouter
FNDA:274,CrossChainRegistry.setBridgeRouter
DA:135,274
BRDA:135,0,0,2
DA:136,2
DA:138,272
DA:139,272
DA:147,14
FN:147,CrossChainRegistry.getTargetForSource
FNDA:14,CrossChainRegistry.getTargetForSource
DA:152,14
DA:155,0
BRDA:155,1,0,-
DA:156,0
DA:165,12
DA:169,12
DA:171,12
BRDA:171,2,0,-
DA:172,0
DA:179,12
DA:180,12
DA:186,12
DA:189,12
DA:193,56
FN:193,CrossChainRegistry.getSourceForTarget
FNDA:56,CrossChainRegistry.getSourceForTarget
DA:199,56
DA:205,56
DA:207,56
BRDA:207,3,0,4
DA:208,4
DA:217,74
FN:217,CrossChainRegistry.isValidCrossChainPair
FNDA:74,CrossChainRegistry.isValidCrossChainPair
DA:224,74
DA:231,74
DA:234,10
BRDA:234,4,0,10
DA:235,10
DA:238,64
DA:241,64
DA:247,1
FN:247,CrossChainRegistry.getRelationship
FNDA:1,CrossChainRegistry.getRelationship
DA:252,1
DA:255,0
BRDA:255,5,0,-
DA:256,0
DA:265,1
DA:269,1
DA:271,1
BRDA:271,6,0,-
DA:272,0
DA:279,1
DA:280,1
DA:286,1
DA:290,5
FN:290,CrossChainRegistry.getTargetsForSource
FNDA:5,CrossChainRegistry.getTargetsForSource
DA:301,5
DA:305,5
DA:307,5
DA:308,5
DA:310,5
DA:311,8
DA:316,8
DA:319,8
DA:320,8
DA:325,1
FN:325,CrossChainRegistry.getRelationshipByTarget
FNDA:1,CrossChainRegistry.getRelationshipByTarget
DA:330,1
DA:331,1
DA:343,1
FN:343,CrossChainRegistry.getRegisteredSourceContracts
FNDA:1,CrossChainRegistry.getRegisteredSourceContracts
DA:346,1
DA:350,4
FN:350,CrossChainRegistry.isSourceContractRegistered
FNDA:4,CrossChainRegistry.isSourceContractRegistered
DA:354,4
DA:355,4
DA:361,7
FN:361,CrossChainRegistry.getRelationshipCount
FNDA:7,CrossChainRegistry.getRelationshipCount
DA:364,7
DA:368,2
FN:368,CrossChainRegistry.getSupportedRelationshipTypes
FNDA:2,CrossChainRegistry.getSupportedRelationshipTypes
DA:373,2
DA:380,1
FN:380,CrossChainRegistry.addSupportedRelationshipType
FNDA:1,CrossChainRegistry.addSupportedRelationshipType
DA:383,1
DA:396,76
FN:396,CrossChainRegistry.getAdapterPeer
FNDA:76,CrossChainRegistry.getAdapterPeer
DA:400,76
DA:405,76
DA:416,11
FN:416,CrossChainRegistry.isValidAdapterPeer
FNDA:11,CrossChainRegistry.isValidAdapterPeer
DA:422,11
DA:423,11
DA:436,663
FN:436,CrossChainRegistry.registerAdapterPeerPair
FNDA:663,CrossChainRegistry.registerAdapterPeerPair
DA:442,663
DA:449,663
DA:461,0
FN:461,CrossChainRegistry.unregisterAdapterPeerPair
FNDA:0,CrossChainRegistry.unregisterAdapterPeerPair
DA:467,0
DA:468,0
DA:476,2
FN:476,CrossChainRegistry.currentChainId
FNDA:2,CrossChainRegistry.currentChainId
DA:477,2
DA:491,1655
FN:491,CrossChainRegistry._getRelationshipKey
FNDA:1655,CrossChainRegistry._getRelationshipKey
DA:496,1655
DA:497,1655
DA:505,77
FN:505,CrossChainRegistry._getRelationshipByTarget
FNDA:77,CrossChainRegistry._getRelationshipByTarget
DA:510,77
DA:516,77
DA:517,77
BRDA:517,7,0,5
DA:518,5
DA:534,901
FN:534,CrossChainRegistry._getTargetKey
FNDA:901,CrossChainRegistry._getTargetKey
DA:540,901
DA:541,901
DA:555,665
FN:555,CrossChainRegistry._addRelationshipType
FNDA:665,CrossChainRegistry._addRelationshipType
DA:556,665
BRDA:556,8,0,665
DA:557,665
DA:558,665
DA:559,665
DA:564,29
FN:564,CrossChainRegistry.isAuthorizedExecutor
FNDA:29,CrossChainRegistry.isAuthorizedExecutor
DA:567,29
DA:568,29
DA:583,1188
FN:583,CrossChainRegistry._getSourceTrackingKey
FNDA:1188,CrossChainRegistry._getSourceTrackingKey
DA:587,1188
DA:594,1171
FN:594,CrossChainRegistry._isSameChain
FNDA:1171,CrossChainRegistry._isSameChain
DA:598,1171
DA:599,1171
DA:600,763
DA:607,12
FN:607,CrossChainRegistry._unregisterRelationship
FNDA:12,CrossChainRegistry._unregisterRelationship
DA:612,12
DA:619,12
BRDA:619,9,0,1
DA:620,1
DA:627,11
DA:632,11
DA:636,11
DA:643,11
BRDA:643,10,0,10
DA:644,10
DA:648,11
DA:652,11
DA:653,11
DA:654,11
BRDA:654,11,0,11
DA:655,11
DA:656,11
DA:657,0
DA:662,11
BRDA:662,12,0,11
DA:663,11
DA:667,11
DA:669,11
DA:682,1476
FN:682,CrossChainRegistry._registerRelationship
FNDA:1476,CrossChainRegistry._registerRelationship
DA:689,1476
BRDA:689,13,0,-
DA:690,1475
BRDA:690,14,0,-
DA:692,1475
DA:693,595
DA:694,1
BRDA:694,15,0,1
DA:695,1
DA:703,1474
DA:704,1
BRDA:704,16,0,1
DA:705,1473
DA:706,2
BRDA:706,17,0,2
DA:707,1471
DA:708,0
BRDA:708,18,0,-
DA:711,1471
BRDA:711,19,0,-
DA:712,0
DA:715,1471
DA:722,1471
BRDA:722,20,0,311
DA:723,311
DA:730,1160
DA:733,1160
BRDA:733,21,0,834
DA:734,834
DA:740,834
BRDA:740,22,0,1
DA:741,1
DA:749,833
DA:753,1159
DA:762,1159
DA:764,1159
DA:768,1159
DA:770,1159
FNF:31
FNH:30
LF:165
LH:153
BRF:23
BRH:15
end_of_record
TN:
SF:src/helpers/LayerZeroOptionsHelper.sol
DA:21,10
FN:21,LayerZeroOptionsHelper.createMessagingOptions
FNDA:10,LayerZeroOptionsHelper.createMessagingOptions
DA:25,10
DA:28,10
DA:33,10
BRDA:33,0,0,-
BRDA:33,0,1,10
DA:35,0
DA:38,10
DA:42,10
DA:43,10
DA:56,16
FN:56,LayerZeroOptionsHelper.createLzReadOptions
FNDA:16,LayerZeroOptionsHelper.createLzReadOptions
DA:60,16
DA:63,16
DA:68,16
BRDA:68,1,0,-
BRDA:68,1,1,16
DA:69,0
DA:71,16
DA:76,16
DA:81,16
DA:82,16
FNF:2
FNH:2
LF:17
LH:15
BRF:4
BRH:2
end_of_record
TN:
SF:src/libraries/BridgeCodec.sol
DA:24,14
FN:24,BridgeCodec.encodePayload
FNDA:14,BridgeCodec.encodePayload
DA:28,14
DA:37,8
FN:37,BridgeCodec.decodePayload
FNDA:8,BridgeCodec.decodePayload
DA:44,8
BRDA:44,0,0,-
DA:45,0
DA:49,8
DA:52,8
BRDA:52,1,0,-
DA:53,0
DA:56,8
DA:59,8
FNF:2
FNH:2
LF:10
LH:8
BRF:2
BRH:0
end_of_record
TN:
SF:src/libraries/OftCmdHelper.sol
DA:14,13
FN:14,OftCmdHelper.taxi
FNDA:13,OftCmdHelper.taxi
DA:15,13
FNF:1
FNH:1
LF:2
LH:2
BRF:0
BRH:0
end_of_record
TN:
SF:src/router/BridgeRouter.sol
DA:95,49
FN:95,BridgeRouter.onlyRegisteredAdapter
FNDA:49,BridgeRouter.onlyRegisteredAdapter
DA:96,49
BRDA:96,0,0,3
DA:104,7
FN:104,BridgeRouter.whenNotPaused
FNDA:7,BridgeRouter.whenNotPaused
DA:105,1
BRDA:105,1,0,1
DA:114,13
FN:114,BridgeRouter.validAdapter
FNDA:13,BridgeRouter.validAdapter
DA:119,13
BRDA:119,2,0,3
DA:120,10
BRDA:120,3,0,2
DA:121,8
DA:139,0
FN:139,BridgeRouter._assertPeerMappingExistsForChain
FNDA:0,BridgeRouter._assertPeerMappingExistsForChain
DA:143,0
DA:155,49
FN:155,BridgeRouter._assertPeerMappingExistsForChainFromAdapter
FNDA:49,BridgeRouter._assertPeerMappingExistsForChainFromAdapter
DA:159,49
DA:175,9
FN:175,BridgeRouter._validateTransferParams
FNDA:9,BridgeRouter._validateTransferParams
DA:179,9
DA:180,9
DA:181,9
DA:182,9
DA:183,9
DA:184,9
DA:185,0
BRDA:185,4,0,-
DA:192,11
FN:192,BridgeRouter._validateReadStateParams
FNDA:11,BridgeRouter._validateReadStateParams
DA:196,11
DA:197,11
DA:198,11
DA:199,11
DA:200,11
DA:201,0
BRDA:201,5,0,-
DA:208,13
FN:208,BridgeRouter._validateSendMessageParams
FNDA:13,BridgeRouter._validateSendMessageParams
DA:212,13
DA:213,12
DA:214,11
DA:215,11
DA:216,11
DA:217,3
BRDA:217,6,0,3
DA:218,3
DA:222,15
FN:222,BridgeRouter._validateOriginator
FNDA:15,BridgeRouter._validateOriginator
DA:223,15
BRDA:223,7,0,2
DA:231,29
FN:231,BridgeRouter._validateAdapterSupportsOperation
FNDA:29,BridgeRouter._validateAdapterSupportsOperation
DA:235,29
BRDA:235,8,0,-
DA:236,29
BRDA:236,9,0,-
DA:237,0
DA:251,13
FN:251,BridgeRouter._generateOperationId
FNDA:13,BridgeRouter._generateOperationId
DA:260,13
DA:262,13
DA:275,13
DA:283,28
FN:283,BridgeRouter._applyFeeBuffer
FNDA:28,BridgeRouter._applyFeeBuffer
DA:287,28
DA:295,54
FN:295,BridgeRouter._requireReceiverIsCrossChainReceiver
FNDA:54,BridgeRouter._requireReceiverIsCrossChainReceiver
DA:298,54
BRDA:298,10,0,2
DA:300,52
BRDA:299,11,0,52
DA:304,52
BRDA:304,12,0,-
DA:305,0
BRDA:305,11,1,-
DA:306,0
DA:314,32
FN:314,BridgeRouter._recordFailedDelivery
FNDA:32,BridgeRouter._recordFailedDelivery
DA:322,32
DA:323,32
BRDA:323,13,0,32
BRDA:323,13,1,-
DA:325,32
DA:332,32
DA:335,0
DA:339,32
DA:348,28
FN:348,BridgeRouter._clearFailedDelivery
FNDA:28,BridgeRouter._clearFailedDelivery
DA:349,28
DA:350,28
DA:353,46
FN:353,BridgeRouter._decodeOperationMeta
FNDA:46,BridgeRouter._decodeOperationMeta
DA:357,46
BRDA:357,14,0,23
BRDA:357,14,1,-
DA:358,23
DA:362,23
DA:363,23
BRDA:363,15,0,12
BRDA:363,15,1,-
DA:364,12
DA:368,12
DA:369,11
BRDA:369,16,0,11
BRDA:369,16,1,-
DA:370,11
DA:374,11
DA:376,0
DA:387,3
FN:387,BridgeRouter.executeTransferAssets
FNDA:3,BridgeRouter.executeTransferAssets
DA:402,3
BRDA:402,17,0,1
DA:403,2
DA:404,2
DA:406,2
DA:409,2
DA:416,2
DA:419,2
DA:429,2
DA:435,2
DA:444,0
DA:450,6
FN:450,BridgeRouter.executeReadState
FNDA:6,BridgeRouter.executeReadState
DA:465,6
BRDA:465,18,0,1
DA:466,5
DA:467,5
DA:469,5
DA:472,5
DA:487,5
DA:490,5
DA:493,5
DA:499,5
DA:508,0
DA:514,13
FN:514,BridgeRouter.executeSendMessage
FNDA:13,BridgeRouter.executeSendMessage
DA:529,12
BRDA:529,19,0,1
DA:530,11
DA:531,8
DA:533,6
DA:536,6
DA:546,6
DA:552,6
DA:559,0
DA:567,13
FN:567,BridgeRouter.quoteTransferAssets
FNDA:13,BridgeRouter.quoteTransferAssets
DA:579,8
DA:581,8
BRDA:581,20,0,1
DA:583,7
DA:584,7
DA:587,6
DA:588,6
DA:592,6
FN:592,BridgeRouter.quoteReadState
FNDA:6,BridgeRouter.quoteReadState
DA:600,6
DA:601,6
BRDA:601,21,0,-
DA:602,6
BRDA:602,22,0,-
DA:604,6
DA:605,6
DA:608,6
DA:609,6
DA:613,2
FN:613,BridgeRouter.quoteSendMessage
FNDA:2,BridgeRouter.quoteSendMessage
DA:621,2
DA:622,2
BRDA:622,23,0,-
DA:623,2
BRDA:623,24,0,-
DA:625,2
DA:626,2
DA:629,2
DA:630,2
DA:634,46
FN:634,BridgeRouter.deliver
FNDA:46,BridgeRouter.deliver
DA:639,46
DA:646,46
BRDA:646,25,0,46
DA:648,14
DA:649,14
DA:650,32
BRDA:650,25,1,32
DA:651,32
DA:668,60
FN:668,BridgeRouter._processDelivery
FNDA:60,BridgeRouter._processDelivery
DA:673,60
BRDA:673,26,0,2
DA:675,60
BRDA:675,27,0,34
BRDA:675,27,1,-
DA:676,34
DA:682,34
DA:688,32
DA:691,32
DA:693,34
DA:697,26
BRDA:697,28,0,15
BRDA:697,28,1,-
DA:698,15
DA:704,15
DA:710,15
DA:712,15
DA:716,11
BRDA:716,29,0,11
BRDA:716,29,1,-
DA:717,11
DA:723,11
DA:724,2
BRDA:724,30,0,2
DA:726,9
DA:727,9
BRDA:727,31,0,1
DA:729,8
DA:731,8
DA:736,0
DA:745,1
FN:745,BridgeRouter.getAdapters
FNDA:1,BridgeRouter.getAdapters
DA:746,1
DA:750,5
FN:750,BridgeRouter.isValidAdapter
FNDA:5,BridgeRouter.isValidAdapter
DA:751,5
DA:759,38
FN:759,BridgeRouter.getFailedDeliveryIds
FNDA:38,BridgeRouter.getFailedDeliveryIds
DA:763,38
DA:764,38
BRDA:764,32,0,14
DA:765,14
DA:767,24
DA:768,24
BRDA:768,33,0,24
DA:769,24
DA:770,24
DA:771,24
DA:772,24
DA:774,0
DA:778,2
FN:778,BridgeRouter.getFailedDelivery
FNDA:2,BridgeRouter.getFailedDelivery
DA:781,2
DA:782,2
BRDA:782,34,0,1
DA:783,0
DA:791,283
FN:791,BridgeRouter.registerAdapter
FNDA:283,BridgeRouter.registerAdapter
DA:792,283
BRDA:792,35,0,1
DA:793,282
BRDA:793,36,0,1
DA:794,281
BRDA:794,37,0,1
DA:797,280
DA:801,1
BRDA:801,38,0,1
DA:802,1
DA:805,279
DA:806,279
DA:810,2
FN:810,BridgeRouter.removeAdapter
FNDA:2,BridgeRouter.removeAdapter
DA:811,2
BRDA:811,39,0,1
DA:813,1
DA:814,1
DA:818,6
FN:818,BridgeRouter.pause
FNDA:6,BridgeRouter.pause
DA:819,6
DA:820,6
DA:824,1
FN:824,BridgeRouter.unpause
FNDA:1,BridgeRouter.unpause
DA:825,1
DA:826,1
DA:830,17
FN:830,BridgeRouter.sweep
FNDA:17,BridgeRouter.sweep
DA:835,17
BRDA:835,40,0,2
DA:837,15
BRDA:837,41,0,13
BRDA:837,41,1,3
DA:839,13
BRDA:839,42,0,2
DA:840,11
DA:841,11
BRDA:841,43,0,3
DA:844,2
DA:847,8
DA:853,20
FN:853,BridgeRouter.retryFailedDelivery
FNDA:20,BridgeRouter.retryFailedDelivery
DA:857,20
DA:859,20
BRDA:859,44,0,-
DA:862,20
BRDA:862,45,0,-
DA:863,0
DA:867,20
DA:870,20
DA:874,20
DA:881,14
BRDA:880,46,0,14
DA:887,14
DA:888,14
DA:893,0
BRDA:893,46,1,-
DA:895,0
DA:898,0
DA:900,0
DA:921,20
FN:921,BridgeRouter._applyRecipientOverride
FNDA:20,BridgeRouter._applyRecipientOverride
DA:926,20
BRDA:926,47,0,15
BRDA:926,47,1,5
DA:927,15
DA:933,15
DA:938,15
DA:945,3
DA:947,11
DA:948,5
BRDA:948,48,0,5
BRDA:948,48,1,5
DA:949,5
DA:955,5
DA:960,5
DA:967,0
DA:969,3
DA:972,0
DA:986,20
FN:986,BridgeRouter._validatePeerRelationship
FNDA:20,BridgeRouter._validatePeerRelationship
DA:991,20
DA:999,20
BRDA:999,49,0,6
DA:1000,6
DA:1005,0
FN:1005,BridgeRouter.supportsInterface
FNDA:0,BridgeRouter.supportsInterface
DA:1008,0
FNF:37
FNH:35
LF:238
LH:214
BRF:63
BRH:43
end_of_record
TN:
SF:test/helpers/BaseCrossChainRegistry.t.sol
DA:64,44
FN:64,BaseCrossChainRegistryTest.setUp
FNDA:44,BaseCrossChainRegistryTest.setUp
DA:66,44
DA:67,44
DA:68,44
DA:71,44
DA:72,44
DA:75,0
FN:75,BaseCrossChainRegistryTest._initializeBridgeRouter
FNDA:0,BaseCrossChainRegistryTest._initializeBridgeRouter
DA:76,0
DA:79,0
FN:79,BaseCrossChainRegistryTest._initializeBridgeRouter
FNDA:0,BaseCrossChainRegistryTest._initializeBridgeRouter
DA:80,0
DA:81,0
DA:82,0
FNF:3
FNH:1
LF:12
LH:6
BRF:0
BRH:0
end_of_record
TN:
SF:test/helpers/BridgeOptionsTestHelper.sol
DA:22,8
FN:22,BridgeOptionsTestHelper.defaultOptions
FNDA:8,BridgeOptionsTestHelper.defaultOptions
DA:25,8
DA:41,1
FN:41,BridgeOptionsTestHelper.withGasLimit
FNDA:1,BridgeOptionsTestHelper.withGasLimit
DA:45,1
DA:59,2
FN:59,BridgeOptionsTestHelper.noAdapter
FNDA:2,BridgeOptionsTestHelper.noAdapter
DA:64,2
DA:83,0
FN:83,BridgeOptionsTestHelper.custom
FNDA:0,BridgeOptionsTestHelper.custom
DA:90,0
FNF:4
FNH:3
LF:8
LH:6
BRF:0
BRH:0
end_of_record
TN:
SF:test/helpers/LayerZeroAdapterTestHelper.sol
DA:51,10
FN:51,LayerZeroAdapterTestHelper.lzReceiveTest
FNDA:10,LayerZeroAdapterTestHelper.lzReceiveTest
DA:58,10
DA:61,8
FN:61,LayerZeroAdapterTestHelper.setLzMessageToOperationId
FNDA:8,LayerZeroAdapterTestHelper.setLzMessageToOperationId
DA:65,8
DA:68,8
FN:68,LayerZeroAdapterTestHelper.setExpectedReadChainByGuid
FNDA:8,LayerZeroAdapterTestHelper.setExpectedReadChainByGuid
DA:72,8
DA:80,0
FN:80,LayerZeroAdapterTestHelper.getLayerZeroChainId
FNDA:0,LayerZeroAdapterTestHelper.getLayerZeroChainId
DA:83,0
FNF:4
FNH:3
LF:8
LH:6
BRF:0
BRH:0
end_of_record
TN:
SF:test/helpers/StargateOFT.t.sol
DA:10,1
FN:10,StargateOFTHelpers.getAmountLD
FNDA:1,StargateOFTHelpers.getAmountLD
DA:13,1
DA:17,1
FN:17,StargateOFTHelpers.getComposeMsg
FNDA:1,StargateOFTHelpers.getComposeMsg
DA:20,1
DA:24,1
FN:24,StargateOFTHelpers.getSrcEid
FNDA:1,StargateOFTHelpers.getSrcEid
DA:25,1
DA:32,1
FN:32,StargateOFTHelpers.getComposeFrom
FNDA:1,StargateOFTHelpers.getComposeFrom
DA:35,1
DA:39,1
FN:39,StargateOFTHelpers.oftAmountLD
FNDA:1,StargateOFTHelpers.oftAmountLD
DA:42,1
DA:45,1
FN:45,StargateOFTHelpers.oftComposeMsg
FNDA:1,StargateOFTHelpers.oftComposeMsg
DA:48,1
DA:51,1
FN:51,StargateOFTHelpers.oftSrcEid
FNDA:1,StargateOFTHelpers.oftSrcEid
DA:52,1
DA:55,1
FN:55,StargateOFTHelpers.oftComposeFrom
FNDA:1,StargateOFTHelpers.oftComposeFrom
DA:58,1
DA:63,6
FN:63,StargateOFTHelpers.encodeOFTCompose
FNDA:6,StargateOFTHelpers.encodeOFTCompose
DA:71,6
DA:72,6
DA:73,6
DA:77,6
FN:77,StargateOFTHelpers.createRelayedTransferParams
FNDA:6,StargateOFTHelpers.createRelayedTransferParams
DA:85,6
DA:95,6
FNF:10
FNH:10
LF:23
LH:23
BRF:0
BRH:0
end_of_record
TN:
SF:test/helpers/TransferHelpers.t.sol
DA:11,9
FN:11,TransferHelpers.defaultBridgeOptions
FNDA:9,TransferHelpers.defaultBridgeOptions
DA:14,9
DA:24,6
FN:24,TransferHelpers.buildExecuteTransferParams
FNDA:6,TransferHelpers.buildExecuteTransferParams
DA:32,6
DA:44,3
FN:44,TransferHelpers.fundRouterAndApprove
FNDA:3,TransferHelpers.fundRouterAndApprove
DA:51,3
DA:52,3
BRDA:52,0,0,3
BRDA:52,0,1,-
DA:53,3
DA:54,3
FNF:3
FNH:3
LF:9
LH:9
BRF:2
BRH:1
end_of_record
TN:
SF:test/mocks/RejectETH.sol
DA:5,2
FN:5,RejectETH.receive
FNDA:2,RejectETH.receive
DA:6,2
FNF:1
FNH:1
LF:2
LH:2
BRF:0
BRH:0
end_of_record
TN:
SF:test/unit/BaseBridgeAdapter/BaseBridgeAdapter.core.t.sol
DA:18,2
FN:18,ExposedAdapter.onlyTrusted
FNDA:2,ExposedAdapter.onlyTrusted
DA:20,2
FN:20,ExposedAdapter.exposed_assertTrustedSource
FNDA:2,ExposedAdapter.exposed_assertTrustedSource
DA:21,2
DA:24,2
FN:24,ExposedAdapter.exposed_assertSourceChainId
FNDA:2,ExposedAdapter.exposed_assertSourceChainId
DA:25,2
DA:28,2
FN:28,ExposedAdapter.exposed_externalIdForChain
FNDA:2,ExposedAdapter.exposed_externalIdForChain
DA:29,2
DA:32,2
FN:32,ExposedAdapter.exposed_chainIdFromExternalId
FNDA:2,ExposedAdapter.exposed_chainIdFromExternalId
DA:33,2
DA:36,2
FN:36,ExposedAdapter.exposed_requireGasLimit
FNDA:2,ExposedAdapter.exposed_requireGasLimit
DA:37,2
DA:40,3
FN:40,ExposedAdapter.exposed_decodePayload
FNDA:3,ExposedAdapter.exposed_decodePayload
DA:45,3
DA:48,0
FN:48,ExposedAdapter.exposed_encodeRelayedMessageParams
FNDA:0,ExposedAdapter.exposed_encodeRelayedMessageParams
DA:53,0
DA:56,0
FN:56,ExposedAdapter.exposed_encodeRelayedTransferParams
FNDA:0,ExposedAdapter.exposed_encodeRelayedTransferParams
DA:61,0
DA:64,1
FN:64,ExposedAdapter.exposed_encodeRelayedReadResponse
FNDA:1,ExposedAdapter.exposed_encodeRelayedReadResponse
DA:69,1
DA:72,1
FN:72,ExposedAdapter.exposed_encodeRelayedMessageParamsWithType
FNDA:1,ExposedAdapter.exposed_encodeRelayedMessageParamsWithType
DA:77,1
DA:80,1
FN:80,ExposedAdapter.exposed_encodeRelayedTransferParamsWithType
FNDA:1,ExposedAdapter.exposed_encodeRelayedTransferParamsWithType
DA:85,1
DA:88,1
FN:88,ExposedAdapter.exposed_encodeRelayedReadResponseWithType
FNDA:1,ExposedAdapter.exposed_encodeRelayedReadResponseWithType
DA:93,1
FNF:13
FNH:11
LF:25
LH:21
BRF:0
BRH:0
end_of_record
TN:
SF:test/unit/BaseBridgeAdapter/BaseBridgeAdapter.sweep.t.sol
DA:20,1
FN:20,RejectETH.receive
FNDA:1,RejectETH.receive
DA:21,1
FNF:1
FNH:1
LF:2
LH:2
BRF:0
BRH:0
end_of_record
TN:
SF:test/unit/LayerZeroAdapter/LayerZeroAdapter.setup.t.sol
DA:60,34
FN:60,LayerZeroAdapterSetupTest.setUp
FNDA:34,LayerZeroAdapterSetupTest.setUp
DA:61,0
DA:62,0
DA:63,0
DA:64,0
DA:65,0
DA:66,0
DA:69,34
FN:69,LayerZeroAdapterSetupTest._setupEndpoints
FNDA:34,LayerZeroAdapterSetupTest._setupEndpoints
DA:71,34
DA:72,34
DA:73,34
DA:75,34
DA:76,34
DA:79,34
FN:79,LayerZeroAdapterSetupTest._setupChainA
FNDA:34,LayerZeroAdapterSetupTest._setupChainA
DA:81,34
DA:82,34
DA:83,34
DA:85,34
DA:86,34
DA:87,34
DA:90,0
DA:91,34
DA:94,34
DA:97,34
DA:100,34
DA:106,34
DA:109,34
DA:110,34
DA:121,34
DA:122,34
DA:124,34
DA:127,34
FN:127,LayerZeroAdapterSetupTest._setupChainB
FNDA:34,LayerZeroAdapterSetupTest._setupChainB
DA:129,34
DA:130,34
DA:131,34
DA:133,34
DA:134,34
DA:135,34
DA:138,0
DA:139,34
DA:142,34
DA:145,34
DA:148,34
DA:154,34
DA:157,34
DA:158,34
DA:169,34
DA:170,34
DA:172,34
DA:175,34
FN:175,LayerZeroAdapterSetupTest._configurePeers
FNDA:34,LayerZeroAdapterSetupTest._configurePeers
DA:177,0
DA:178,34
DA:182,34
BRDA:181,0,0,34
DA:194,34
BRDA:193,1,0,34
DA:204,34
DA:205,34
DA:208,0
DA:209,34
DA:213,34
BRDA:212,2,0,34
DA:225,34
BRDA:224,3,0,34
DA:235,34
DA:236,34
DA:240,124
FN:240,LayerZeroAdapterSetupTest.useNetworkA
FNDA:124,LayerZeroAdapterSetupTest.useNetworkA
DA:241,124
DA:244,68
FN:244,LayerZeroAdapterSetupTest.useNetworkB
FNDA:68,LayerZeroAdapterSetupTest.useNetworkB
DA:245,68
FNF:7
FNH:7
LF:66
LH:56
BRF:4
BRH:4
end_of_record
TN:
SF:test/unit/StargateAdapter/StargateAdapter.setup.t.sol
DA:62,30
FN:62,StargateAdapterSetupTest.setUp
FNDA:30,StargateAdapterSetupTest.setUp
DA:63,0
DA:66,30
DA:67,30
DA:68,30
DA:70,30
DA:71,30
DA:74,0
DA:75,30
DA:78,30
DA:79,30
DA:81,30
DA:82,30
DA:83,30
DA:84,30
DA:89,30
DA:92,30
DA:99,30
DA:100,30
DA:102,30
DA:104,30
DA:105,30
DA:107,30
DA:110,0
DA:111,30
DA:114,30
DA:115,30
DA:117,30
DA:118,30
DA:119,30
DA:120,30
DA:125,30
DA:128,30
DA:135,30
DA:136,30
DA:140,30
BRDA:139,0,0,30
DA:151,30
BRDA:150,1,0,30
DA:161,30
DA:163,30
DA:164,30
DA:166,30
DA:169,0
DA:170,30
DA:172,30
BRDA:171,2,0,30
DA:183,30
BRDA:182,3,0,30
DA:192,30
DA:194,30
DA:195,30
DA:196,30
DA:197,30
DA:198,30
DA:199,30
DA:200,30
DA:201,30
DA:202,30
DA:203,30
DA:204,30
DA:205,30
DA:206,30
DA:207,30
DA:211,98
FN:211,StargateAdapterSetupTest.useNetworkA
FNDA:98,StargateAdapterSetupTest.useNetworkA
DA:212,98
DA:215,49
FN:215,StargateAdapterSetupTest.useNetworkB
FNDA:49,StargateAdapterSetupTest.useNetworkB
DA:216,49
FNF:3
FNH:3
LF:64
LH:60
BRF:4
BRH:4
end_of_record
